<?xml version="1.0" encoding="UTF-8"?>
<!-- Generated by org.testng.reporters.JUnitReportReporter -->
<testsuite skipped="0" hostname="DESKTOP-MF5C1AH" name="com.epam.lab.LogInTest" tests="1" failures="0" timestamp="09 вер. 2018 03:14:27 GMT" time="0.345" errors="0">
  <testcase name="logInTest" time="0.345" classname="com.epam.lab.LogInTest"/>
</testsuite> <!-- com.epam.lab.LogInTest -->
